<?xml version="1.0" encoding="UTF-8"?>
<coverage generated="1743609011601" clover="3.2.0">
  <project timestamp="1743609011601" name="All files">
    <metrics statements="18" coveredstatements="17" conditionals="8" coveredconditionals="8" methods="4" coveredmethods="3" elements="30" coveredelements="28" complexity="0" loc="18" ncloc="18" packages="1" files="3" classes="3"/>
    <file name="fizzBuzz.js" path="D:\Testing\TestingWithJest\javascripts\fizzBuzz.js">
      <metrics statements="12" coveredstatements="12" conditionals="8" coveredconditionals="8" methods="1" coveredmethods="1"/>
      <line num="1" count="1" type="stmt"/>
      <line num="2" count="6" type="stmt"/>
      <line num="3" count="6" type="stmt"/>
      <line num="4" count="30" type="cond" truecount="4" falsecount="0"/>
      <line num="5" count="1" type="stmt"/>
      <line num="6" count="29" type="cond" truecount="2" falsecount="0"/>
      <line num="7" count="7" type="stmt"/>
      <line num="8" count="22" type="cond" truecount="2" falsecount="0"/>
      <line num="9" count="3" type="stmt"/>
      <line num="11" count="19" type="stmt"/>
      <line num="14" count="6" type="stmt"/>
      <line num="17" count="1" type="stmt"/>
    </file>
    <file name="splitString.js" path="D:\Testing\TestingWithJest\javascripts\splitString.js">
      <metrics statements="4" coveredstatements="3" conditionals="0" coveredconditionals="0" methods="2" coveredmethods="1"/>
      <line num="1" count="1" type="stmt"/>
      <line num="2" count="5" type="stmt"/>
      <line num="6" count="0" type="stmt"/>
      <line num="9" count="1" type="stmt"/>
    </file>
    <file name="sum.js" path="D:\Testing\TestingWithJest\javascripts\sum.js">
      <metrics statements="2" coveredstatements="2" conditionals="0" coveredconditionals="0" methods="1" coveredmethods="1"/>
      <line num="2" count="5" type="stmt"/>
      <line num="5" count="1" type="stmt"/>
    </file>
  </project>
</coverage>
