{"D:\\Testing\\TestingWithJest\\javascripts\\fizzBuzz.js": {"path":"D:\\Testing\\TestingWithJest\\javascripts\\fizzBuzz.js","statementMap":{"0":{"start":{"line":1,"column":15},"end":{"line":15,"column":1}},"1":{"start":{"line":2,"column":17},"end":{"line":2,"column":19}},"2":{"start":{"line":3,"column":4},"end":{"line":13,"column":5}},"3":{"start":{"line":3,"column":17},"end":{"line":3,"column":18}},"4":{"start":{"line":4,"column":8},"end":{"line":12,"column":9}},"5":{"start":{"line":5,"column":12},"end":{"line":5,"column":35}},"6":{"start":{"line":6,"column":14},"end":{"line":12,"column":9}},"7":{"start":{"line":7,"column":12},"end":{"line":7,"column":31}},"8":{"start":{"line":8,"column":14},"end":{"line":12,"column":9}},"9":{"start":{"line":9,"column":12},"end":{"line":9,"column":31}},"10":{"start":{"line":11,"column":12},"end":{"line":11,"column":37}},"11":{"start":{"line":14,"column":4},"end":{"line":14,"column":17}},"12":{"start":{"line":17,"column":0},"end":{"line":17,"column":25}}},"fnMap":{"0":{"name":"(anonymous_0)","decl":{"start":{"line":1,"column":15},"end":{"line":1,"column":16}},"loc":{"start":{"line":1,"column":27},"end":{"line":15,"column":1}},"line":1}},"branchMap":{"0":{"loc":{"start":{"line":4,"column":8},"end":{"line":12,"column":9}},"type":"if","locations":[{"start":{"line":4,"column":8},"end":{"line":12,"column":9}},{"start":{"line":6,"column":14},"end":{"line":12,"column":9}}],"line":4},"1":{"loc":{"start":{"line":4,"column":11},"end":{"line":4,"column":35}},"type":"binary-expr","locations":[{"start":{"line":4,"column":11},"end":{"line":4,"column":21}},{"start":{"line":4,"column":25},"end":{"line":4,"column":35}}],"line":4},"2":{"loc":{"start":{"line":6,"column":14},"end":{"line":12,"column":9}},"type":"if","locations":[{"start":{"line":6,"column":14},"end":{"line":12,"column":9}},{"start":{"line":8,"column":14},"end":{"line":12,"column":9}}],"line":6},"3":{"loc":{"start":{"line":8,"column":14},"end":{"line":12,"column":9}},"type":"if","locations":[{"start":{"line":8,"column":14},"end":{"line":12,"column":9}},{"start":{"line":10,"column":13},"end":{"line":12,"column":9}}],"line":8}},"s":{"0":1,"1":6,"2":6,"3":6,"4":30,"5":1,"6":29,"7":7,"8":22,"9":3,"10":19,"11":6,"12":1},"f":{"0":6},"b":{"0":[1,29],"1":[30,8],"2":[7,22],"3":[3,19]},"_coverageSchema":"1a1c01bbd47fc00a2c39e90264f33305004495a9","hash":"dd5131ceac083b4dc1219cb692b88e4ce0b8b604"}
,"D:\\Testing\\TestingWithJest\\javascripts\\splitString.js": {"path":"D:\\Testing\\TestingWithJest\\javascripts\\splitString.js","statementMap":{"0":{"start":{"line":1,"column":18},"end":{"line":3,"column":1}},"1":{"start":{"line":2,"column":4},"end":{"line":2,"column":25}},"2":{"start":{"line":6,"column":4},"end":{"line":6,"column":25}},"3":{"start":{"line":9,"column":0},"end":{"line":9,"column":29}}},"fnMap":{"0":{"name":"(anonymous_0)","decl":{"start":{"line":1,"column":18},"end":{"line":1,"column":19}},"loc":{"start":{"line":1,"column":31},"end":{"line":3,"column":1}},"line":1},"1":{"name":"printSplit","decl":{"start":{"line":5,"column":9},"end":{"line":5,"column":19}},"loc":{"start":{"line":5,"column":24},"end":{"line":7,"column":1}},"line":5}},"branchMap":{},"s":{"0":1,"1":5,"2":0,"3":1},"f":{"0":5,"1":0},"b":{},"_coverageSchema":"1a1c01bbd47fc00a2c39e90264f33305004495a9","hash":"411773624e20c48eaff580c722296625fc3a6e40"}
,"D:\\Testing\\TestingWithJest\\javascripts\\sum.js": {"path":"D:\\Testing\\TestingWithJest\\javascripts\\sum.js","statementMap":{"0":{"start":{"line":2,"column":4},"end":{"line":2,"column":17}},"1":{"start":{"line":5,"column":0},"end":{"line":5,"column":21}}},"fnMap":{"0":{"name":"sum","decl":{"start":{"line":1,"column":9},"end":{"line":1,"column":12}},"loc":{"start":{"line":1,"column":18},"end":{"line":3,"column":1}},"line":1}},"branchMap":{},"s":{"0":5,"1":1},"f":{"0":5},"b":{},"_coverageSchema":"1a1c01bbd47fc00a2c39e90264f33305004495a9","hash":"cac486acf64ce562bedbc1cd46d8a3e8e1819f11"}
}
