TN:
SF:javascripts\fizzBuzz.js
FN:1,(anonymous_0)
FNF:1
FNH:1
FNDA:6,(anonymous_0)
DA:1,1
DA:2,6
DA:3,6
DA:4,30
DA:5,1
DA:6,29
DA:7,7
DA:8,22
DA:9,3
DA:11,19
DA:14,6
DA:17,1
LF:12
LH:12
BRDA:4,0,0,1
BRDA:4,0,1,29
BRDA:4,1,0,30
BRDA:4,1,1,8
BRDA:6,2,0,7
BRDA:6,2,1,22
BRDA:8,3,0,3
BRDA:8,3,1,19
BRF:8
BRH:8
end_of_record
TN:
SF:javascripts\splitString.js
FN:1,(anonymous_0)
FN:5,printSplit
FNF:2
FNH:1
FNDA:5,(anonymous_0)
FNDA:0,printSplit
DA:1,1
DA:2,5
DA:6,0
DA:9,1
LF:4
LH:3
BRF:0
BRH:0
end_of_record
TN:
SF:javascripts\sum.js
FN:1,sum
FNF:1
FNH:1
FNDA:5,sum
DA:2,5
DA:5,1
LF:2
LH:2
BRF:0
BRH:0
end_of_record
